<?xml version="1.0" encoding="UTF-8"?>
<!-- Generated by org.testng.reporters.JUnitXMLReporter -->
<testsuite hostname="DESKTOP-7FSFVSR" ignored="1" name="Sanity Test" tests="0" failures="0" timestamp="22 Jun 2021 00:41:27 GMT" time="0.065" errors="0">
  <testcase name="verifyUserGetErrorMessageWithInValidCredentials" time="0.0" classname="com.nopcommerce.demo.testSuite.LoginTest">
    <ignored/>
  </testcase> <!-- verifyUserGetErrorMessageWithInValidCredentials -->
</testsuite> <!-- Sanity Test -->
